2021-09-01 13:34:34.616  INFO 20544 --- [restartedMain] r.t.a.t.TechSupportAutomationApplication : Starting TechSupportAutomationApplication using Java 16.0.2 on asavin with PID 20544 (C:\projects\landeskSavin\target\classes started by asavin in C:\projects\landeskSavin)
2021-09-01 13:34:34.620  INFO 20544 --- [restartedMain] r.t.a.t.TechSupportAutomationApplication : No active profile set, falling back to default profiles: default
2021-09-01 13:34:34.654  INFO 20544 --- [restartedMain] o.s.b.devtools.restart.ChangeableUrls    : The Class-Path manifest attribute in C:\Users\asavin\.m2\repository\org\liquibase\liquibase-core\4.3.5\liquibase-core-4.3.5.jar referenced one or more files that do not exist: file:/C:/Users/asavin/.m2/repository/org/liquibase/liquibase-core/4.3.5/commons-cli-1.4.jar,file:/C:/Users/asavin/.m2/repository/org/liquibase/liquibase-core/4.3.5/snakeyaml-1.27.jar
2021-09-01 13:34:34.655  INFO 20544 --- [restartedMain] .e.DevToolsPropertyDefaultsPostProcessor : Devtools property defaults active! Set 'spring.devtools.add-properties' to 'false' to disable
2021-09-01 13:34:34.655  INFO 20544 --- [restartedMain] .e.DevToolsPropertyDefaultsPostProcessor : For additional web related logging consider setting the 'logging.level.web' property to 'DEBUG'
2021-09-01 13:34:35.230  INFO 20544 --- [restartedMain] .s.d.r.c.RepositoryConfigurationDelegate : Bootstrapping Spring Data JPA repositories in DEFAULT mode.
2021-09-01 13:34:35.290  INFO 20544 --- [restartedMain] .s.d.r.c.RepositoryConfigurationDelegate : Finished Spring Data repository scanning in 55 ms. Found 7 JPA repository interfaces.
2021-09-01 13:34:35.555  INFO 20544 --- [restartedMain] trationDelegate$BeanPostProcessorChecker : Bean 'org.springframework.security.access.expression.method.DefaultMethodSecurityExpressionHandler@60eaf67a' of type [org.springframework.security.oauth2.provider.expression.OAuth2MethodSecurityExpressionHandler] is not eligible for getting processed by all BeanPostProcessors (for example: not eligible for auto-proxying)
2021-09-01 13:34:35.559  INFO 20544 --- [restartedMain] trationDelegate$BeanPostProcessorChecker : Bean 'methodSecurityMetadataSource' of type [org.springframework.security.access.method.DelegatingMethodSecurityMetadataSource] is not eligible for getting processed by all BeanPostProcessors (for example: not eligible for auto-proxying)
2021-09-01 13:34:35.876  INFO 20544 --- [restartedMain] o.s.b.w.embedded.tomcat.TomcatWebServer  : Tomcat initialized with port(s): 8888 (http)
2021-09-01 13:34:35.882  INFO 20544 --- [restartedMain] o.apache.catalina.core.StandardService   : Starting service [Tomcat]
2021-09-01 13:34:35.883  INFO 20544 --- [restartedMain] org.apache.catalina.core.StandardEngine  : Starting Servlet engine: [Apache Tomcat/9.0.50]
2021-09-01 13:34:35.951  INFO 20544 --- [restartedMain] o.a.c.c.C.[Tomcat].[localhost].[/]       : Initializing Spring embedded WebApplicationContext
2021-09-01 13:34:35.951  INFO 20544 --- [restartedMain] w.s.c.ServletWebServerApplicationContext : Root WebApplicationContext: initialization completed in 1296 ms
2021-09-01 13:34:35.976  INFO 20544 --- [restartedMain] com.zaxxer.hikari.HikariDataSource       : HikariPool-1 - Starting...
2021-09-01 13:34:36.062  INFO 20544 --- [restartedMain] com.zaxxer.hikari.HikariDataSource       : HikariPool-1 - Start completed.
2021-09-01 13:34:36.066  INFO 20544 --- [restartedMain] o.s.b.a.h2.H2ConsoleAutoConfiguration    : H2 console available at '/h2-console'. Database available at 'jdbc:h2:file:./db/h2db'
2021-09-01 13:34:36.334  INFO 20544 --- [restartedMain] liquibase.lockservice                    : Successfully acquired change log lock
2021-09-01 13:34:36.640  INFO 20544 --- [restartedMain] liquibase.changelog                      : Reading from PUBLIC.DATABASECHANGELOG
2021-09-01 13:34:36.668  INFO 20544 --- [restartedMain] liquibase.lockservice                    : Successfully released change log lock
2021-09-01 13:34:36.669  INFO 20544 --- [restartedMain] liquibase.lockservice                    : Successfully acquired change log lock
2021-09-01 13:34:36.670  WARN 20544 --- [restartedMain] liquibase.hub                            : Skipping auto-registration
2021-09-01 13:34:36.733  INFO 20544 --- [restartedMain] liquibase.changelog                      : SQL in file db_init.sql executed
2021-09-01 13:34:36.733  INFO 20544 --- [restartedMain] liquibase.changelog                      : ChangeSet db/changelog/changelog.xml::1::asavin ran successfully in 60ms
2021-09-01 13:34:36.736  INFO 20544 --- [restartedMain] liquibase.lockservice                    : Successfully released change log lock
2021-09-01 13:34:36.805  INFO 20544 --- [restartedMain] o.hibernate.jpa.internal.util.LogHelper  : HHH000204: Processing PersistenceUnitInfo [name: default]
2021-09-01 13:34:36.828  INFO 20544 --- [restartedMain] org.hibernate.Version                    : HHH000412: Hibernate ORM core version 5.4.32.Final
2021-09-01 13:34:36.890  INFO 20544 --- [restartedMain] o.hibernate.annotations.common.Version   : HCANN000001: Hibernate Commons Annotations {5.1.2.Final}
2021-09-01 13:34:36.945  INFO 20544 --- [restartedMain] org.hibernate.dialect.Dialect            : HHH000400: Using dialect: org.hibernate.dialect.H2Dialect
2021-09-01 13:34:37.282  INFO 20544 --- [restartedMain] o.h.e.t.j.p.i.JtaPlatformInitiator       : HHH000490: Using JtaPlatform implementation: [org.hibernate.engine.transaction.jta.platform.internal.NoJtaPlatform]
2021-09-01 13:34:37.287  INFO 20544 --- [restartedMain] j.LocalContainerEntityManagerFactoryBean : Initialized JPA EntityManagerFactory for persistence unit 'default'
2021-09-01 13:34:37.682  WARN 20544 --- [restartedMain] JpaBaseConfiguration$JpaWebConfiguration : spring.jpa.open-in-view is enabled by default. Therefore, database queries may be performed during view rendering. Explicitly configure spring.jpa.open-in-view to disable this warning
2021-09-01 13:34:38.130  WARN 20544 --- [restartedMain] o.s.s.o.p.t.s.JwtAccessTokenConverter    : Unable to create an RSA verifier from verifierKey (ignoreable if using MAC)
2021-09-01 13:34:38.347  INFO 20544 --- [restartedMain] o.s.s.web.DefaultSecurityFilterChain     : Will secure Or [Ant [pattern='/oauth/token'], Ant [pattern='/oauth/token_key'], Ant [pattern='/oauth/check_token']] with [org.springframework.security.web.context.request.async.WebAsyncManagerIntegrationFilter@1148f585, org.springframework.security.web.context.SecurityContextPersistenceFilter@6b94ff1b, org.springframework.security.web.header.HeaderWriterFilter@6da7aa49, org.springframework.security.web.authentication.logout.LogoutFilter@275b15a6, org.springframework.security.web.authentication.www.BasicAuthenticationFilter@30688e99, org.springframework.security.web.savedrequest.RequestCacheAwareFilter@77a05e43, org.springframework.security.web.servletapi.SecurityContextHolderAwareRequestFilter@416e7f72, org.springframework.security.web.authentication.AnonymousAuthenticationFilter@181cd6da, org.springframework.security.web.session.SessionManagementFilter@38711824, org.springframework.security.web.access.ExceptionTranslationFilter@63e87ec3, org.springframework.security.web.access.intercept.FilterSecurityInterceptor@23fbf5b3]
2021-09-01 13:34:38.354  INFO 20544 --- [restartedMain] o.s.s.web.DefaultSecurityFilterChain     : Will secure org.springframework.security.oauth2.config.annotation.web.configuration.ResourceServerConfiguration$NotOAuthRequestMatcher@b9ec3c5 with [org.springframework.security.web.context.request.async.WebAsyncManagerIntegrationFilter@56312471, org.springframework.security.web.context.SecurityContextPersistenceFilter@25fb67e9, org.springframework.security.web.header.HeaderWriterFilter@28b9ca8c, org.springframework.security.web.authentication.logout.LogoutFilter@5cf0460d, org.springframework.security.oauth2.provider.authentication.OAuth2AuthenticationProcessingFilter@5391c196, org.springframework.security.web.savedrequest.RequestCacheAwareFilter@308917d3, org.springframework.security.web.servletapi.SecurityContextHolderAwareRequestFilter@568246e4, org.springframework.security.web.authentication.AnonymousAuthenticationFilter@7d040f14, org.springframework.security.web.session.SessionManagementFilter@4db7317f, org.springframework.security.web.access.ExceptionTranslationFilter@4cfb3386, org.springframework.security.web.access.intercept.FilterSecurityInterceptor@1d6b81d3]
2021-09-01 13:34:38.366  INFO 20544 --- [restartedMain] o.s.s.web.DefaultSecurityFilterChain     : Will secure any request with [org.springframework.security.web.context.request.async.WebAsyncManagerIntegrationFilter@7a49ff24, org.springframework.security.web.context.SecurityContextPersistenceFilter@1375765, org.springframework.security.web.header.HeaderWriterFilter@20a0864f, org.springframework.security.web.csrf.CsrfFilter@4eb58952, org.springframework.security.web.authentication.logout.LogoutFilter@e3dcd2, org.springframework.security.web.authentication.UsernamePasswordAuthenticationFilter@ee5dff8, org.springframework.security.web.authentication.ui.DefaultLoginPageGeneratingFilter@7dbb6592, org.springframework.security.web.authentication.ui.DefaultLogoutPageGeneratingFilter@4b5537c2, org.springframework.security.web.authentication.www.BasicAuthenticationFilter@f338cd0, org.springframework.security.web.savedrequest.RequestCacheAwareFilter@6ffba88b, org.springframework.security.web.servletapi.SecurityContextHolderAwareRequestFilter@4bcdc9c5, org.springframework.security.web.authentication.AnonymousAuthenticationFilter@6bef2b4f, org.springframework.security.web.session.SessionManagementFilter@63aaad5b, org.springframework.security.web.access.ExceptionTranslationFilter@390ae505, org.springframework.security.web.access.intercept.FilterSecurityInterceptor@6bbb42c5]
2021-09-01 13:34:38.648  INFO 20544 --- [restartedMain] o.s.b.d.a.OptionalLiveReloadServer       : LiveReload server is running on port 35729
2021-09-01 13:34:38.701  INFO 20544 --- [restartedMain] o.s.b.w.embedded.tomcat.TomcatWebServer  : Tomcat started on port(s): 8888 (http) with context path ''
2021-09-01 13:34:38.902  INFO 20544 --- [restartedMain] r.t.a.t.TechSupportAutomationApplication : Started TechSupportAutomationApplication in 4.537 seconds (JVM running for 5.159)
2021-09-01 13:44:26.355  INFO 20544 --- [SpringApplicationShutdownHook] j.LocalContainerEntityManagerFactoryBean : Closing JPA EntityManagerFactory for persistence unit 'default'
2021-09-01 13:44:26.358  INFO 20544 --- [SpringApplicationShutdownHook] com.zaxxer.hikari.HikariDataSource       : HikariPool-1 - Shutdown initiated...
2021-09-01 13:44:26.360  INFO 20544 --- [SpringApplicationShutdownHook] com.zaxxer.hikari.HikariDataSource       : HikariPool-1 - Shutdown completed.
2021-09-01 15:09:45.722  INFO 9312 --- [restartedMain] r.t.a.t.TechSupportAutomationApplication : Starting TechSupportAutomationApplication using Java 16.0.2 on asavin with PID 9312 (C:\projects\landeskSavin\target\classes started by asavin in C:\projects\landeskSavin)
2021-09-01 15:09:45.724  INFO 9312 --- [restartedMain] r.t.a.t.TechSupportAutomationApplication : No active profile set, falling back to default profiles: default
2021-09-01 15:09:45.756  INFO 9312 --- [restartedMain] o.s.b.devtools.restart.ChangeableUrls    : The Class-Path manifest attribute in C:\Users\asavin\.m2\repository\org\liquibase\liquibase-core\4.3.5\liquibase-core-4.3.5.jar referenced one or more files that do not exist: file:/C:/Users/asavin/.m2/repository/org/liquibase/liquibase-core/4.3.5/commons-cli-1.4.jar,file:/C:/Users/asavin/.m2/repository/org/liquibase/liquibase-core/4.3.5/snakeyaml-1.27.jar
2021-09-01 15:09:45.757  INFO 9312 --- [restartedMain] .e.DevToolsPropertyDefaultsPostProcessor : Devtools property defaults active! Set 'spring.devtools.add-properties' to 'false' to disable
2021-09-01 15:09:45.757  INFO 9312 --- [restartedMain] .e.DevToolsPropertyDefaultsPostProcessor : For additional web related logging consider setting the 'logging.level.web' property to 'DEBUG'
2021-09-01 15:09:46.405  INFO 9312 --- [restartedMain] .s.d.r.c.RepositoryConfigurationDelegate : Bootstrapping Spring Data JPA repositories in DEFAULT mode.
2021-09-01 15:09:46.469  INFO 9312 --- [restartedMain] .s.d.r.c.RepositoryConfigurationDelegate : Finished Spring Data repository scanning in 59 ms. Found 7 JPA repository interfaces.
2021-09-01 15:09:46.736  INFO 9312 --- [restartedMain] trationDelegate$BeanPostProcessorChecker : Bean 'org.springframework.security.access.expression.method.DefaultMethodSecurityExpressionHandler@30e3a66' of type [org.springframework.security.oauth2.provider.expression.OAuth2MethodSecurityExpressionHandler] is not eligible for getting processed by all BeanPostProcessors (for example: not eligible for auto-proxying)
2021-09-01 15:09:46.739  INFO 9312 --- [restartedMain] trationDelegate$BeanPostProcessorChecker : Bean 'methodSecurityMetadataSource' of type [org.springframework.security.access.method.DelegatingMethodSecurityMetadataSource] is not eligible for getting processed by all BeanPostProcessors (for example: not eligible for auto-proxying)
2021-09-01 15:09:47.052  INFO 9312 --- [restartedMain] o.s.b.w.embedded.tomcat.TomcatWebServer  : Tomcat initialized with port(s): 8888 (http)
2021-09-01 15:09:47.059  INFO 9312 --- [restartedMain] o.apache.catalina.core.StandardService   : Starting service [Tomcat]
2021-09-01 15:09:47.059  INFO 9312 --- [restartedMain] org.apache.catalina.core.StandardEngine  : Starting Servlet engine: [Apache Tomcat/9.0.50]
2021-09-01 15:09:47.126  INFO 9312 --- [restartedMain] o.a.c.c.C.[Tomcat].[localhost].[/]       : Initializing Spring embedded WebApplicationContext
2021-09-01 15:09:47.127  INFO 9312 --- [restartedMain] w.s.c.ServletWebServerApplicationContext : Root WebApplicationContext: initialization completed in 1367 ms
2021-09-01 15:09:47.148  INFO 9312 --- [restartedMain] com.zaxxer.hikari.HikariDataSource       : HikariPool-1 - Starting...
2021-09-01 15:09:47.248  INFO 9312 --- [restartedMain] com.zaxxer.hikari.HikariDataSource       : HikariPool-1 - Start completed.
2021-09-01 15:09:47.252  INFO 9312 --- [restartedMain] o.s.b.a.h2.H2ConsoleAutoConfiguration    : H2 console available at '/h2-console'. Database available at 'jdbc:h2:file:./db/h2db'
2021-09-01 15:09:47.482  INFO 9312 --- [restartedMain] liquibase.lockservice                    : Successfully acquired change log lock
2021-09-01 15:09:47.790  INFO 9312 --- [restartedMain] liquibase.changelog                      : Reading from PUBLIC.DATABASECHANGELOG
2021-09-01 15:09:47.815  INFO 9312 --- [restartedMain] liquibase.lockservice                    : Successfully released change log lock
2021-09-01 15:09:47.818  INFO 9312 --- [restartedMain] liquibase.lockservice                    : Successfully acquired change log lock
2021-09-01 15:09:47.818  WARN 9312 --- [restartedMain] liquibase.hub                            : Skipping auto-registration
2021-09-01 15:09:47.869  INFO 9312 --- [restartedMain] liquibase.changelog                      : SQL in file db_init.sql executed
2021-09-01 15:09:47.870  INFO 9312 --- [restartedMain] liquibase.changelog                      : ChangeSet db/changelog/changelog.xml::1::asavin ran successfully in 49ms
2021-09-01 15:09:47.874  INFO 9312 --- [restartedMain] liquibase.lockservice                    : Successfully released change log lock
2021-09-01 15:09:47.949  INFO 9312 --- [restartedMain] o.hibernate.jpa.internal.util.LogHelper  : HHH000204: Processing PersistenceUnitInfo [name: default]
2021-09-01 15:09:47.975  INFO 9312 --- [restartedMain] org.hibernate.Version                    : HHH000412: Hibernate ORM core version 5.4.32.Final
2021-09-01 15:09:48.045  INFO 9312 --- [restartedMain] o.hibernate.annotations.common.Version   : HCANN000001: Hibernate Commons Annotations {5.1.2.Final}
2021-09-01 15:09:48.104  INFO 9312 --- [restartedMain] org.hibernate.dialect.Dialect            : HHH000400: Using dialect: org.hibernate.dialect.H2Dialect
2021-09-01 15:09:48.463  INFO 9312 --- [restartedMain] o.h.e.t.j.p.i.JtaPlatformInitiator       : HHH000490: Using JtaPlatform implementation: [org.hibernate.engine.transaction.jta.platform.internal.NoJtaPlatform]
2021-09-01 15:09:48.469  INFO 9312 --- [restartedMain] j.LocalContainerEntityManagerFactoryBean : Initialized JPA EntityManagerFactory for persistence unit 'default'
2021-09-01 15:09:48.866  WARN 9312 --- [restartedMain] JpaBaseConfiguration$JpaWebConfiguration : spring.jpa.open-in-view is enabled by default. Therefore, database queries may be performed during view rendering. Explicitly configure spring.jpa.open-in-view to disable this warning
2021-09-01 15:09:49.322  WARN 9312 --- [restartedMain] o.s.s.o.p.t.s.JwtAccessTokenConverter    : Unable to create an RSA verifier from verifierKey (ignoreable if using MAC)
2021-09-01 15:09:49.539  INFO 9312 --- [restartedMain] o.s.s.web.DefaultSecurityFilterChain     : Will secure Or [Ant [pattern='/oauth/token'], Ant [pattern='/oauth/token_key'], Ant [pattern='/oauth/check_token']] with [org.springframework.security.web.context.request.async.WebAsyncManagerIntegrationFilter@59ce5b76, org.springframework.security.web.context.SecurityContextPersistenceFilter@4af382a0, org.springframework.security.web.header.HeaderWriterFilter@3f8fd644, org.springframework.security.web.authentication.logout.LogoutFilter@3a353d6d, org.springframework.security.web.authentication.www.BasicAuthenticationFilter@70864b10, org.springframework.security.web.savedrequest.RequestCacheAwareFilter@63e87ec3, org.springframework.security.web.servletapi.SecurityContextHolderAwareRequestFilter@3b31ffd6, org.springframework.security.web.authentication.AnonymousAuthenticationFilter@43d33456, org.springframework.security.web.session.SessionManagementFilter@25088013, org.springframework.security.web.access.ExceptionTranslationFilter@454e5e5e, org.springframework.security.web.access.intercept.FilterSecurityInterceptor@1ebbe57e]
2021-09-01 15:09:49.547  INFO 9312 --- [restartedMain] o.s.s.web.DefaultSecurityFilterChain     : Will secure org.springframework.security.oauth2.config.annotation.web.configuration.ResourceServerConfiguration$NotOAuthRequestMatcher@4c89ab4a with [org.springframework.security.web.context.request.async.WebAsyncManagerIntegrationFilter@4c2b8a2e, org.springframework.security.web.context.SecurityContextPersistenceFilter@55a2bb1c, org.springframework.security.web.header.HeaderWriterFilter@181cd6da, org.springframework.security.web.authentication.logout.LogoutFilter@6250ded3, org.springframework.security.oauth2.provider.authentication.OAuth2AuthenticationProcessingFilter@42da99ad, org.springframework.security.web.savedrequest.RequestCacheAwareFilter@31098f0, org.springframework.security.web.servletapi.SecurityContextHolderAwareRequestFilter@7d44244e, org.springframework.security.web.authentication.AnonymousAuthenticationFilter@11eb7f4c, org.springframework.security.web.session.SessionManagementFilter@357d419e, org.springframework.security.web.access.ExceptionTranslationFilter@1148f585, org.springframework.security.web.access.intercept.FilterSecurityInterceptor@53f21148]
2021-09-01 15:09:49.558  INFO 9312 --- [restartedMain] o.s.s.web.DefaultSecurityFilterChain     : Will secure any request with [org.springframework.security.web.context.request.async.WebAsyncManagerIntegrationFilter@4bcdc9c5, org.springframework.security.web.context.SecurityContextPersistenceFilter@3c25b37f, org.springframework.security.web.header.HeaderWriterFilter@64e7c24, org.springframework.security.web.csrf.CsrfFilter@553f55a2, org.springframework.security.web.authentication.logout.LogoutFilter@157ac676, org.springframework.security.web.authentication.UsernamePasswordAuthenticationFilter@1375765, org.springframework.security.web.authentication.ui.DefaultLoginPageGeneratingFilter@7d215d3c, org.springframework.security.web.authentication.ui.DefaultLogoutPageGeneratingFilter@7dbb6592, org.springframework.security.web.authentication.www.BasicAuthenticationFilter@6ffba88b, org.springframework.security.web.savedrequest.RequestCacheAwareFilter@5884312a, org.springframework.security.web.servletapi.SecurityContextHolderAwareRequestFilter@2d5ed942, org.springframework.security.web.authentication.AnonymousAuthenticationFilter@460c993f, org.springframework.security.web.session.SessionManagementFilter@139866eb, org.springframework.security.web.access.ExceptionTranslationFilter@4e054811, org.springframework.security.web.access.intercept.FilterSecurityInterceptor@63aaad5b]
2021-09-01 15:09:49.844  INFO 9312 --- [restartedMain] o.s.b.d.a.OptionalLiveReloadServer       : LiveReload server is running on port 35729
2021-09-01 15:09:49.888  INFO 9312 --- [restartedMain] o.s.b.w.embedded.tomcat.TomcatWebServer  : Tomcat started on port(s): 8888 (http) with context path ''
2021-09-01 15:09:50.058  INFO 9312 --- [restartedMain] r.t.a.t.TechSupportAutomationApplication : Started TechSupportAutomationApplication in 4.621 seconds (JVM running for 5.221)
2021-09-01 15:09:50.155  INFO 9312 --- [akka-system-landesk-akka.actor.default-dispatcher-7] r.t.a.t.akka.AmountOfIncidentsActor      : 3 incidents are registered in the app
2021-09-01 15:12:42.491  INFO 9312 --- [SpringApplicationShutdownHook] j.LocalContainerEntityManagerFactoryBean : Closing JPA EntityManagerFactory for persistence unit 'default'
2021-09-01 15:12:42.495  INFO 9312 --- [SpringApplicationShutdownHook] com.zaxxer.hikari.HikariDataSource       : HikariPool-1 - Shutdown initiated...
2021-09-01 15:12:42.497  INFO 9312 --- [SpringApplicationShutdownHook] com.zaxxer.hikari.HikariDataSource       : HikariPool-1 - Shutdown completed.
2021-09-01 15:12:48.656  INFO 2668 --- [restartedMain] r.t.a.t.TechSupportAutomationApplication : Starting TechSupportAutomationApplication using Java 16.0.2 on asavin with PID 2668 (C:\projects\landeskSavin\target\classes started by asavin in C:\projects\landeskSavin)
2021-09-01 15:12:48.657  INFO 2668 --- [restartedMain] r.t.a.t.TechSupportAutomationApplication : No active profile set, falling back to default profiles: default
2021-09-01 15:12:48.688  INFO 2668 --- [restartedMain] o.s.b.devtools.restart.ChangeableUrls    : The Class-Path manifest attribute in C:\Users\asavin\.m2\repository\org\liquibase\liquibase-core\4.3.5\liquibase-core-4.3.5.jar referenced one or more files that do not exist: file:/C:/Users/asavin/.m2/repository/org/liquibase/liquibase-core/4.3.5/commons-cli-1.4.jar,file:/C:/Users/asavin/.m2/repository/org/liquibase/liquibase-core/4.3.5/snakeyaml-1.27.jar
2021-09-01 15:12:48.689  INFO 2668 --- [restartedMain] .e.DevToolsPropertyDefaultsPostProcessor : Devtools property defaults active! Set 'spring.devtools.add-properties' to 'false' to disable
2021-09-01 15:12:48.689  INFO 2668 --- [restartedMain] .e.DevToolsPropertyDefaultsPostProcessor : For additional web related logging consider setting the 'logging.level.web' property to 'DEBUG'
2021-09-01 15:12:49.242  INFO 2668 --- [restartedMain] .s.d.r.c.RepositoryConfigurationDelegate : Bootstrapping Spring Data JPA repositories in DEFAULT mode.
2021-09-01 15:12:49.303  INFO 2668 --- [restartedMain] .s.d.r.c.RepositoryConfigurationDelegate : Finished Spring Data repository scanning in 57 ms. Found 7 JPA repository interfaces.
2021-09-01 15:12:49.570  INFO 2668 --- [restartedMain] trationDelegate$BeanPostProcessorChecker : Bean 'org.springframework.security.access.expression.method.DefaultMethodSecurityExpressionHandler@30e3a66' of type [org.springframework.security.oauth2.provider.expression.OAuth2MethodSecurityExpressionHandler] is not eligible for getting processed by all BeanPostProcessors (for example: not eligible for auto-proxying)
2021-09-01 15:12:49.574  INFO 2668 --- [restartedMain] trationDelegate$BeanPostProcessorChecker : Bean 'methodSecurityMetadataSource' of type [org.springframework.security.access.method.DelegatingMethodSecurityMetadataSource] is not eligible for getting processed by all BeanPostProcessors (for example: not eligible for auto-proxying)
2021-09-01 15:12:49.898  INFO 2668 --- [restartedMain] o.s.b.w.embedded.tomcat.TomcatWebServer  : Tomcat initialized with port(s): 8888 (http)
2021-09-01 15:12:49.903  INFO 2668 --- [restartedMain] o.apache.catalina.core.StandardService   : Starting service [Tomcat]
2021-09-01 15:12:49.904  INFO 2668 --- [restartedMain] org.apache.catalina.core.StandardEngine  : Starting Servlet engine: [Apache Tomcat/9.0.50]
2021-09-01 15:12:49.974  INFO 2668 --- [restartedMain] o.a.c.c.C.[Tomcat].[localhost].[/]       : Initializing Spring embedded WebApplicationContext
2021-09-01 15:12:49.974  INFO 2668 --- [restartedMain] w.s.c.ServletWebServerApplicationContext : Root WebApplicationContext: initialization completed in 1284 ms
2021-09-01 15:12:49.997  INFO 2668 --- [restartedMain] com.zaxxer.hikari.HikariDataSource       : HikariPool-1 - Starting...
2021-09-01 15:12:50.077  INFO 2668 --- [restartedMain] com.zaxxer.hikari.HikariDataSource       : HikariPool-1 - Start completed.
2021-09-01 15:12:50.081  INFO 2668 --- [restartedMain] o.s.b.a.h2.H2ConsoleAutoConfiguration    : H2 console available at '/h2-console'. Database available at 'jdbc:h2:file:./db/h2db'
2021-09-01 15:12:50.329  INFO 2668 --- [restartedMain] liquibase.lockservice                    : Successfully acquired change log lock
2021-09-01 15:12:50.584  INFO 2668 --- [restartedMain] liquibase.changelog                      : Reading from PUBLIC.DATABASECHANGELOG
2021-09-01 15:12:50.610  INFO 2668 --- [restartedMain] liquibase.lockservice                    : Successfully released change log lock
2021-09-01 15:12:50.612  INFO 2668 --- [restartedMain] liquibase.lockservice                    : Successfully acquired change log lock
2021-09-01 15:12:50.613  WARN 2668 --- [restartedMain] liquibase.hub                            : Skipping auto-registration
2021-09-01 15:12:50.664  INFO 2668 --- [restartedMain] liquibase.changelog                      : SQL in file db_init.sql executed
2021-09-01 15:12:50.664  INFO 2668 --- [restartedMain] liquibase.changelog                      : ChangeSet db/changelog/changelog.xml::1::asavin ran successfully in 48ms
2021-09-01 15:12:50.670  INFO 2668 --- [restartedMain] liquibase.lockservice                    : Successfully released change log lock
2021-09-01 15:12:50.738  INFO 2668 --- [restartedMain] o.hibernate.jpa.internal.util.LogHelper  : HHH000204: Processing PersistenceUnitInfo [name: default]
2021-09-01 15:12:50.763  INFO 2668 --- [restartedMain] org.hibernate.Version                    : HHH000412: Hibernate ORM core version 5.4.32.Final
2021-09-01 15:12:50.828  INFO 2668 --- [restartedMain] o.hibernate.annotations.common.Version   : HCANN000001: Hibernate Commons Annotations {5.1.2.Final}
2021-09-01 15:12:50.882  INFO 2668 --- [restartedMain] org.hibernate.dialect.Dialect            : HHH000400: Using dialect: org.hibernate.dialect.H2Dialect
2021-09-01 15:12:51.243  INFO 2668 --- [restartedMain] o.h.e.t.j.p.i.JtaPlatformInitiator       : HHH000490: Using JtaPlatform implementation: [org.hibernate.engine.transaction.jta.platform.internal.NoJtaPlatform]
2021-09-01 15:12:51.250  INFO 2668 --- [restartedMain] j.LocalContainerEntityManagerFactoryBean : Initialized JPA EntityManagerFactory for persistence unit 'default'
2021-09-01 15:12:51.664  WARN 2668 --- [restartedMain] JpaBaseConfiguration$JpaWebConfiguration : spring.jpa.open-in-view is enabled by default. Therefore, database queries may be performed during view rendering. Explicitly configure spring.jpa.open-in-view to disable this warning
2021-09-01 15:12:52.110  WARN 2668 --- [restartedMain] o.s.s.o.p.t.s.JwtAccessTokenConverter    : Unable to create an RSA verifier from verifierKey (ignoreable if using MAC)
2021-09-01 15:12:52.390  INFO 2668 --- [restartedMain] o.s.s.web.DefaultSecurityFilterChain     : Will secure Or [Ant [pattern='/oauth/token'], Ant [pattern='/oauth/token_key'], Ant [pattern='/oauth/check_token']] with [org.springframework.security.web.context.request.async.WebAsyncManagerIntegrationFilter@55afb3c3, org.springframework.security.web.context.SecurityContextPersistenceFilter@3b66c058, org.springframework.security.web.header.HeaderWriterFilter@e6767e9, org.springframework.security.web.authentication.logout.LogoutFilter@24859001, org.springframework.security.web.authentication.www.BasicAuthenticationFilter@27021f10, org.springframework.security.web.savedrequest.RequestCacheAwareFilter@feb0294, org.springframework.security.web.servletapi.SecurityContextHolderAwareRequestFilter@aa57730, org.springframework.security.web.authentication.AnonymousAuthenticationFilter@4d489c75, org.springframework.security.web.session.SessionManagementFilter@22e804d3, org.springframework.security.web.access.ExceptionTranslationFilter@78a97fee, org.springframework.security.web.access.intercept.FilterSecurityInterceptor@12eabe24]
2021-09-01 15:12:52.398  INFO 2668 --- [restartedMain] o.s.s.web.DefaultSecurityFilterChain     : Will secure org.springframework.security.oauth2.config.annotation.web.configuration.ResourceServerConfiguration$NotOAuthRequestMatcher@1402f28d with [org.springframework.security.web.context.request.async.WebAsyncManagerIntegrationFilter@5eb35135, org.springframework.security.web.context.SecurityContextPersistenceFilter@1cbacf83, org.springframework.security.web.header.HeaderWriterFilter@22745778, org.springframework.security.web.authentication.logout.LogoutFilter@56d3c493, org.springframework.security.oauth2.provider.authentication.OAuth2AuthenticationProcessingFilter@7e5c40c7, org.springframework.security.web.savedrequest.RequestCacheAwareFilter@79cb642c, org.springframework.security.web.servletapi.SecurityContextHolderAwareRequestFilter@798423fa, org.springframework.security.web.authentication.AnonymousAuthenticationFilter@2cb648d7, org.springframework.security.web.session.SessionManagementFilter@279844c2, org.springframework.security.web.access.ExceptionTranslationFilter@45741c04, org.springframework.security.web.access.intercept.FilterSecurityInterceptor@5ecb853d]
2021-09-01 15:12:52.410  INFO 2668 --- [restartedMain] o.s.s.web.DefaultSecurityFilterChain     : Will secure any request with [org.springframework.security.web.context.request.async.WebAsyncManagerIntegrationFilter@229e9cc4, org.springframework.security.web.context.SecurityContextPersistenceFilter@7d8a4413, org.springframework.security.web.header.HeaderWriterFilter@50190b53, org.springframework.security.web.csrf.CsrfFilter@25fb6b00, org.springframework.security.web.authentication.logout.LogoutFilter@1f9ec0d5, org.springframework.security.web.authentication.UsernamePasswordAuthenticationFilter@2422f594, org.springframework.security.web.authentication.ui.DefaultLoginPageGeneratingFilter@1b107ff, org.springframework.security.web.authentication.ui.DefaultLogoutPageGeneratingFilter@51e578a9, org.springframework.security.web.authentication.www.BasicAuthenticationFilter@371bdf9e, org.springframework.security.web.savedrequest.RequestCacheAwareFilter@2662ff3a, org.springframework.security.web.servletapi.SecurityContextHolderAwareRequestFilter@3e392b36, org.springframework.security.web.authentication.AnonymousAuthenticationFilter@6258b954, org.springframework.security.web.session.SessionManagementFilter@3578c12, org.springframework.security.web.access.ExceptionTranslationFilter@244fff9f, org.springframework.security.web.access.intercept.FilterSecurityInterceptor@54ec8c6]
2021-09-01 15:12:52.792  INFO 2668 --- [restartedMain] o.s.b.d.a.OptionalLiveReloadServer       : LiveReload server is running on port 35729
2021-09-01 15:12:52.888  INFO 2668 --- [restartedMain] o.s.b.w.embedded.tomcat.TomcatWebServer  : Tomcat started on port(s): 8888 (http) with context path ''
2021-09-01 15:12:53.059  INFO 2668 --- [restartedMain] r.t.a.t.TechSupportAutomationApplication : Started TechSupportAutomationApplication in 4.661 seconds (JVM running for 5.345)
2021-09-01 15:12:53.183  INFO 2668 --- [akka-system-landesk-akka.actor.default-dispatcher-7] r.t.a.t.akka.AmountOfIncidentsActor      : 3 incidents are registered in the app
2021-09-01 15:13:03.129  INFO 2668 --- [SpringApplicationShutdownHook] j.LocalContainerEntityManagerFactoryBean : Closing JPA EntityManagerFactory for persistence unit 'default'
2021-09-01 15:13:03.132  INFO 2668 --- [SpringApplicationShutdownHook] com.zaxxer.hikari.HikariDataSource       : HikariPool-1 - Shutdown initiated...
2021-09-01 15:13:03.133  INFO 2668 --- [SpringApplicationShutdownHook] com.zaxxer.hikari.HikariDataSource       : HikariPool-1 - Shutdown completed.
2021-09-01 15:13:12.166  INFO 26944 --- [restartedMain] r.t.a.t.TechSupportAutomationApplication : Starting TechSupportAutomationApplication using Java 16.0.2 on asavin with PID 26944 (C:\projects\landeskSavin\target\classes started by asavin in C:\projects\landeskSavin)
2021-09-01 15:13:12.169  INFO 26944 --- [restartedMain] r.t.a.t.TechSupportAutomationApplication : No active profile set, falling back to default profiles: default
2021-09-01 15:13:12.211  INFO 26944 --- [restartedMain] .e.DevToolsPropertyDefaultsPostProcessor : Devtools property defaults active! Set 'spring.devtools.add-properties' to 'false' to disable
2021-09-01 15:13:12.212  INFO 26944 --- [restartedMain] .e.DevToolsPropertyDefaultsPostProcessor : For additional web related logging consider setting the 'logging.level.web' property to 'DEBUG'
2021-09-01 15:13:12.938  INFO 26944 --- [restartedMain] .s.d.r.c.RepositoryConfigurationDelegate : Bootstrapping Spring Data JPA repositories in DEFAULT mode.
2021-09-01 15:13:13.005  INFO 26944 --- [restartedMain] .s.d.r.c.RepositoryConfigurationDelegate : Finished Spring Data repository scanning in 62 ms. Found 7 JPA repository interfaces.
2021-09-01 15:13:13.282  INFO 26944 --- [restartedMain] trationDelegate$BeanPostProcessorChecker : Bean 'org.springframework.security.access.expression.method.DefaultMethodSecurityExpressionHandler@75cdac0c' of type [org.springframework.security.oauth2.provider.expression.OAuth2MethodSecurityExpressionHandler] is not eligible for getting processed by all BeanPostProcessors (for example: not eligible for auto-proxying)
2021-09-01 15:13:13.286  INFO 26944 --- [restartedMain] trationDelegate$BeanPostProcessorChecker : Bean 'methodSecurityMetadataSource' of type [org.springframework.security.access.method.DelegatingMethodSecurityMetadataSource] is not eligible for getting processed by all BeanPostProcessors (for example: not eligible for auto-proxying)
2021-09-01 15:13:13.597  INFO 26944 --- [restartedMain] o.s.b.w.embedded.tomcat.TomcatWebServer  : Tomcat initialized with port(s): 8888 (http)
2021-09-01 15:13:13.603  INFO 26944 --- [restartedMain] o.apache.catalina.core.StandardService   : Starting service [Tomcat]
2021-09-01 15:13:13.604  INFO 26944 --- [restartedMain] org.apache.catalina.core.StandardEngine  : Starting Servlet engine: [Apache Tomcat/9.0.50]
2021-09-01 15:13:13.680  INFO 26944 --- [restartedMain] o.a.c.c.C.[Tomcat].[localhost].[/]       : Initializing Spring embedded WebApplicationContext
2021-09-01 15:13:13.680  INFO 26944 --- [restartedMain] w.s.c.ServletWebServerApplicationContext : Root WebApplicationContext: initialization completed in 1468 ms
2021-09-01 15:13:13.704  INFO 26944 --- [restartedMain] com.zaxxer.hikari.HikariDataSource       : HikariPool-1 - Starting...
2021-09-01 15:13:13.790  INFO 26944 --- [restartedMain] com.zaxxer.hikari.HikariDataSource       : HikariPool-1 - Start completed.
2021-09-01 15:13:13.794  INFO 26944 --- [restartedMain] o.s.b.a.h2.H2ConsoleAutoConfiguration    : H2 console available at '/h2-console'. Database available at 'jdbc:h2:file:./db/h2db'
2021-09-01 15:13:13.925  INFO 26944 --- [restartedMain] o.hibernate.jpa.internal.util.LogHelper  : HHH000204: Processing PersistenceUnitInfo [name: default]
2021-09-01 15:13:13.949  INFO 26944 --- [restartedMain] org.hibernate.Version                    : HHH000412: Hibernate ORM core version 5.4.32.Final
2021-09-01 15:13:14.009  INFO 26944 --- [restartedMain] o.hibernate.annotations.common.Version   : HCANN000001: Hibernate Commons Annotations {5.1.2.Final}
2021-09-01 15:13:14.074  INFO 26944 --- [restartedMain] org.hibernate.dialect.Dialect            : HHH000400: Using dialect: org.hibernate.dialect.H2Dialect
2021-09-01 15:13:14.534  INFO 26944 --- [restartedMain] o.h.e.t.j.p.i.JtaPlatformInitiator       : HHH000490: Using JtaPlatform implementation: [org.hibernate.engine.transaction.jta.platform.internal.NoJtaPlatform]
2021-09-01 15:13:14.540  INFO 26944 --- [restartedMain] j.LocalContainerEntityManagerFactoryBean : Initialized JPA EntityManagerFactory for persistence unit 'default'
2021-09-01 15:13:14.936  WARN 26944 --- [restartedMain] JpaBaseConfiguration$JpaWebConfiguration : spring.jpa.open-in-view is enabled by default. Therefore, database queries may be performed during view rendering. Explicitly configure spring.jpa.open-in-view to disable this warning
2021-09-01 15:13:15.393  WARN 26944 --- [restartedMain] o.s.s.o.p.t.s.JwtAccessTokenConverter    : Unable to create an RSA verifier from verifierKey (ignoreable if using MAC)
2021-09-01 15:13:15.607  INFO 26944 --- [restartedMain] o.s.s.web.DefaultSecurityFilterChain     : Will secure Or [Ant [pattern='/oauth/token'], Ant [pattern='/oauth/token_key'], Ant [pattern='/oauth/check_token']] with [org.springframework.security.web.context.request.async.WebAsyncManagerIntegrationFilter@5c6265ad, org.springframework.security.web.context.SecurityContextPersistenceFilter@19d0b8a4, org.springframework.security.web.header.HeaderWriterFilter@d9fb7d, org.springframework.security.web.authentication.logout.LogoutFilter@52659a5f, org.springframework.security.web.authentication.www.BasicAuthenticationFilter@1f50f0b8, org.springframework.security.web.savedrequest.RequestCacheAwareFilter@12e4c23f, org.springframework.security.web.servletapi.SecurityContextHolderAwareRequestFilter@352eb5c3, org.springframework.security.web.authentication.AnonymousAuthenticationFilter@1aba9b36, org.springframework.security.web.session.SessionManagementFilter@7811f283, org.springframework.security.web.access.ExceptionTranslationFilter@2bc56b3a, org.springframework.security.web.access.intercept.FilterSecurityInterceptor@27cf358e]
2021-09-01 15:13:15.614  INFO 26944 --- [restartedMain] o.s.s.web.DefaultSecurityFilterChain     : Will secure org.springframework.security.oauth2.config.annotation.web.configuration.ResourceServerConfiguration$NotOAuthRequestMatcher@439d68c4 with [org.springframework.security.web.context.request.async.WebAsyncManagerIntegrationFilter@632291ae, org.springframework.security.web.context.SecurityContextPersistenceFilter@bfddd69, org.springframework.security.web.header.HeaderWriterFilter@6b9de27f, org.springframework.security.web.authentication.logout.LogoutFilter@707c07a2, org.springframework.security.oauth2.provider.authentication.OAuth2AuthenticationProcessingFilter@483cd1b0, org.springframework.security.web.savedrequest.RequestCacheAwareFilter@329dac9f, org.springframework.security.web.servletapi.SecurityContextHolderAwareRequestFilter@36973ea9, org.springframework.security.web.authentication.AnonymousAuthenticationFilter@2a494be, org.springframework.security.web.session.SessionManagementFilter@3bd31d11, org.springframework.security.web.access.ExceptionTranslationFilter@38103930, org.springframework.security.web.access.intercept.FilterSecurityInterceptor@b273696]
2021-09-01 15:13:15.625  INFO 26944 --- [restartedMain] o.s.s.web.DefaultSecurityFilterChain     : Will secure any request with [org.springframework.security.web.context.request.async.WebAsyncManagerIntegrationFilter@4f962ed1, org.springframework.security.web.context.SecurityContextPersistenceFilter@745244a6, org.springframework.security.web.header.HeaderWriterFilter@38be35e7, org.springframework.security.web.csrf.CsrfFilter@4335469e, org.springframework.security.web.authentication.logout.LogoutFilter@2bed98bf, org.springframework.security.web.authentication.UsernamePasswordAuthenticationFilter@d7cd15d, org.springframework.security.web.authentication.ui.DefaultLoginPageGeneratingFilter@60704954, org.springframework.security.web.authentication.ui.DefaultLogoutPageGeneratingFilter@3fc15755, org.springframework.security.web.authentication.www.BasicAuthenticationFilter@2b48a84, org.springframework.security.web.savedrequest.RequestCacheAwareFilter@63d9df04, org.springframework.security.web.servletapi.SecurityContextHolderAwareRequestFilter@2a01cf95, org.springframework.security.web.authentication.AnonymousAuthenticationFilter@54dc8fc9, org.springframework.security.web.session.SessionManagementFilter@1d3ae029, org.springframework.security.web.access.ExceptionTranslationFilter@1f9111b1, org.springframework.security.web.access.intercept.FilterSecurityInterceptor@265adfa1]
2021-09-01 15:13:15.912  INFO 26944 --- [restartedMain] o.s.b.d.a.OptionalLiveReloadServer       : LiveReload server is running on port 35729
2021-09-01 15:13:15.956  INFO 26944 --- [restartedMain] o.s.b.w.embedded.tomcat.TomcatWebServer  : Tomcat started on port(s): 8888 (http) with context path ''
2021-09-01 15:13:16.117  INFO 26944 --- [restartedMain] r.t.a.t.TechSupportAutomationApplication : Started TechSupportAutomationApplication in 4.27 seconds (JVM running for 4.945)
2021-09-01 15:13:16.255  INFO 26944 --- [akka-system-landesk-akka.actor.default-dispatcher-7] r.t.a.t.akka.AmountOfIncidentsActor      : 3 incidents are registered in the app
2021-09-01 15:14:24.200  INFO 26944 --- [SpringApplicationShutdownHook] j.LocalContainerEntityManagerFactoryBean : Closing JPA EntityManagerFactory for persistence unit 'default'
2021-09-01 15:14:24.202  INFO 26944 --- [SpringApplicationShutdownHook] com.zaxxer.hikari.HikariDataSource       : HikariPool-1 - Shutdown initiated...
2021-09-01 15:14:24.203  INFO 26944 --- [SpringApplicationShutdownHook] com.zaxxer.hikari.HikariDataSource       : HikariPool-1 - Shutdown completed.
2021-09-01 15:14:26.830  INFO 14120 --- [restartedMain] r.t.a.t.TechSupportAutomationApplication : Starting TechSupportAutomationApplication using Java 16.0.2 on asavin with PID 14120 (C:\projects\landeskSavin\target\classes started by asavin in C:\projects\landeskSavin)
2021-09-01 15:14:26.832  INFO 14120 --- [restartedMain] r.t.a.t.TechSupportAutomationApplication : No active profile set, falling back to default profiles: default
2021-09-01 15:14:26.864  INFO 14120 --- [restartedMain] .e.DevToolsPropertyDefaultsPostProcessor : Devtools property defaults active! Set 'spring.devtools.add-properties' to 'false' to disable
2021-09-01 15:14:26.865  INFO 14120 --- [restartedMain] .e.DevToolsPropertyDefaultsPostProcessor : For additional web related logging consider setting the 'logging.level.web' property to 'DEBUG'
2021-09-01 15:14:27.387  INFO 14120 --- [restartedMain] .s.d.r.c.RepositoryConfigurationDelegate : Bootstrapping Spring Data JPA repositories in DEFAULT mode.
2021-09-01 15:14:27.446  INFO 14120 --- [restartedMain] .s.d.r.c.RepositoryConfigurationDelegate : Finished Spring Data repository scanning in 54 ms. Found 7 JPA repository interfaces.
2021-09-01 15:14:27.697  INFO 14120 --- [restartedMain] trationDelegate$BeanPostProcessorChecker : Bean 'org.springframework.security.access.expression.method.DefaultMethodSecurityExpressionHandler@50ab1271' of type [org.springframework.security.oauth2.provider.expression.OAuth2MethodSecurityExpressionHandler] is not eligible for getting processed by all BeanPostProcessors (for example: not eligible for auto-proxying)
2021-09-01 15:14:27.701  INFO 14120 --- [restartedMain] trationDelegate$BeanPostProcessorChecker : Bean 'methodSecurityMetadataSource' of type [org.springframework.security.access.method.DelegatingMethodSecurityMetadataSource] is not eligible for getting processed by all BeanPostProcessors (for example: not eligible for auto-proxying)
2021-09-01 15:14:27.993  INFO 14120 --- [restartedMain] o.s.b.w.embedded.tomcat.TomcatWebServer  : Tomcat initialized with port(s): 8888 (http)
2021-09-01 15:14:27.999  INFO 14120 --- [restartedMain] o.apache.catalina.core.StandardService   : Starting service [Tomcat]
2021-09-01 15:14:27.999  INFO 14120 --- [restartedMain] org.apache.catalina.core.StandardEngine  : Starting Servlet engine: [Apache Tomcat/9.0.50]
2021-09-01 15:14:28.075  INFO 14120 --- [restartedMain] o.a.c.c.C.[Tomcat].[localhost].[/]       : Initializing Spring embedded WebApplicationContext
2021-09-01 15:14:28.076  INFO 14120 --- [restartedMain] w.s.c.ServletWebServerApplicationContext : Root WebApplicationContext: initialization completed in 1211 ms
2021-09-01 15:14:28.099  INFO 14120 --- [restartedMain] com.zaxxer.hikari.HikariDataSource       : HikariPool-1 - Starting...
2021-09-01 15:14:28.176  INFO 14120 --- [restartedMain] com.zaxxer.hikari.HikariDataSource       : HikariPool-1 - Start completed.
2021-09-01 15:14:28.180  INFO 14120 --- [restartedMain] o.s.b.a.h2.H2ConsoleAutoConfiguration    : H2 console available at '/h2-console'. Database available at 'jdbc:h2:file:./db/h2db'
2021-09-01 15:14:28.311  INFO 14120 --- [restartedMain] o.hibernate.jpa.internal.util.LogHelper  : HHH000204: Processing PersistenceUnitInfo [name: default]
2021-09-01 15:14:28.337  INFO 14120 --- [restartedMain] org.hibernate.Version                    : HHH000412: Hibernate ORM core version 5.4.32.Final
2021-09-01 15:14:28.398  INFO 14120 --- [restartedMain] o.hibernate.annotations.common.Version   : HCANN000001: Hibernate Commons Annotations {5.1.2.Final}
2021-09-01 15:14:28.460  INFO 14120 --- [restartedMain] org.hibernate.dialect.Dialect            : HHH000400: Using dialect: org.hibernate.dialect.H2Dialect
2021-09-01 15:14:28.850  INFO 14120 --- [restartedMain] o.h.e.t.j.p.i.JtaPlatformInitiator       : HHH000490: Using JtaPlatform implementation: [org.hibernate.engine.transaction.jta.platform.internal.NoJtaPlatform]
2021-09-01 15:14:28.856  INFO 14120 --- [restartedMain] j.LocalContainerEntityManagerFactoryBean : Initialized JPA EntityManagerFactory for persistence unit 'default'
2021-09-01 15:14:29.242  WARN 14120 --- [restartedMain] JpaBaseConfiguration$JpaWebConfiguration : spring.jpa.open-in-view is enabled by default. Therefore, database queries may be performed during view rendering. Explicitly configure spring.jpa.open-in-view to disable this warning
2021-09-01 15:14:29.687  WARN 14120 --- [restartedMain] o.s.s.o.p.t.s.JwtAccessTokenConverter    : Unable to create an RSA verifier from verifierKey (ignoreable if using MAC)
2021-09-01 15:14:29.915  INFO 14120 --- [restartedMain] o.s.s.web.DefaultSecurityFilterChain     : Will secure Or [Ant [pattern='/oauth/token'], Ant [pattern='/oauth/token_key'], Ant [pattern='/oauth/check_token']] with [org.springframework.security.web.context.request.async.WebAsyncManagerIntegrationFilter@25ce52ad, org.springframework.security.web.context.SecurityContextPersistenceFilter@783d735b, org.springframework.security.web.header.HeaderWriterFilter@23f2455b, org.springframework.security.web.authentication.logout.LogoutFilter@714da57f, org.springframework.security.web.authentication.www.BasicAuthenticationFilter@512b2127, org.springframework.security.web.savedrequest.RequestCacheAwareFilter@66cd36f4, org.springframework.security.web.servletapi.SecurityContextHolderAwareRequestFilter@7781ded8, org.springframework.security.web.authentication.AnonymousAuthenticationFilter@749ef150, org.springframework.security.web.session.SessionManagementFilter@371dfc69, org.springframework.security.web.access.ExceptionTranslationFilter@3eb9fbeb, org.springframework.security.web.access.intercept.FilterSecurityInterceptor@59b7b84c]
2021-09-01 15:14:29.922  INFO 14120 --- [restartedMain] o.s.s.web.DefaultSecurityFilterChain     : Will secure org.springframework.security.oauth2.config.annotation.web.configuration.ResourceServerConfiguration$NotOAuthRequestMatcher@2b48a84 with [org.springframework.security.web.context.request.async.WebAsyncManagerIntegrationFilter@4f962ed1, org.springframework.security.web.context.SecurityContextPersistenceFilter@5f6514ca, org.springframework.security.web.header.HeaderWriterFilter@4bd65bac, org.springframework.security.web.authentication.logout.LogoutFilter@b273696, org.springframework.security.oauth2.provider.authentication.OAuth2AuthenticationProcessingFilter@1d3ae029, org.springframework.security.web.savedrequest.RequestCacheAwareFilter@1b5a650b, org.springframework.security.web.servletapi.SecurityContextHolderAwareRequestFilter@62a856f7, org.springframework.security.web.authentication.AnonymousAuthenticationFilter@3fc15755, org.springframework.security.web.session.SessionManagementFilter@4a6a89e9, org.springframework.security.web.access.ExceptionTranslationFilter@5772612c, org.springframework.security.web.access.intercept.FilterSecurityInterceptor@d7cd15d]
2021-09-01 15:14:29.935  INFO 14120 --- [restartedMain] o.s.s.web.DefaultSecurityFilterChain     : Will secure any request with [org.springframework.security.web.context.request.async.WebAsyncManagerIntegrationFilter@18280f72, org.springframework.security.web.context.SecurityContextPersistenceFilter@573acb1e, org.springframework.security.web.header.HeaderWriterFilter@34178d58, org.springframework.security.web.csrf.CsrfFilter@17d7f7f9, org.springframework.security.web.authentication.logout.LogoutFilter@32a28caa, org.springframework.security.web.authentication.UsernamePasswordAuthenticationFilter@2c84c508, org.springframework.security.web.authentication.ui.DefaultLoginPageGeneratingFilter@29df7542, org.springframework.security.web.authentication.ui.DefaultLogoutPageGeneratingFilter@70d89487, org.springframework.security.web.authentication.www.BasicAuthenticationFilter@5e5ef521, org.springframework.security.web.savedrequest.RequestCacheAwareFilter@a621cc5, org.springframework.security.web.servletapi.SecurityContextHolderAwareRequestFilter@2172d9c, org.springframework.security.web.authentication.AnonymousAuthenticationFilter@7a7eb311, org.springframework.security.web.session.SessionManagementFilter@7ffa8327, org.springframework.security.web.access.ExceptionTranslationFilter@4ac2f8e4, org.springframework.security.web.access.intercept.FilterSecurityInterceptor@349b9060]
2021-09-01 15:14:30.212  INFO 14120 --- [restartedMain] o.s.b.d.a.OptionalLiveReloadServer       : LiveReload server is running on port 35729
2021-09-01 15:14:30.255  INFO 14120 --- [restartedMain] o.s.b.w.embedded.tomcat.TomcatWebServer  : Tomcat started on port(s): 8888 (http) with context path ''
2021-09-01 15:14:30.405  INFO 14120 --- [restartedMain] r.t.a.t.TechSupportAutomationApplication : Started TechSupportAutomationApplication in 3.839 seconds (JVM running for 4.417)
2021-09-01 15:14:30.472  INFO 14120 --- [akka-system-landesk-akka.actor.default-dispatcher-7] r.t.a.t.akka.AmountOfIncidentsActor      : 0 incidents are registered in the app
2021-09-01 15:24:30.411  INFO 14120 --- [akka-system-landesk-akka.actor.default-dispatcher-6] r.t.a.t.akka.AmountOfIncidentsActor      : 0 incidents are registered in the app
2021-09-01 15:34:30.426  INFO 14120 --- [akka-system-landesk-akka.actor.default-dispatcher-6] r.t.a.t.akka.AmountOfIncidentsActor      : 0 incidents are registered in the app
2021-09-01 15:44:30.439  INFO 14120 --- [akka-system-landesk-akka.actor.default-dispatcher-6] r.t.a.t.akka.AmountOfIncidentsActor      : 0 incidents are registered in the app
2021-09-01 15:54:30.445  INFO 14120 --- [akka-system-landesk-akka.actor.default-dispatcher-6] r.t.a.t.akka.AmountOfIncidentsActor      : 0 incidents are registered in the app
2021-09-01 16:04:30.450  INFO 14120 --- [akka-system-landesk-akka.actor.default-dispatcher-6] r.t.a.t.akka.AmountOfIncidentsActor      : 0 incidents are registered in the app
2021-09-01 16:09:51.420  WARN 14120 --- [HikariPool-1 housekeeper] com.zaxxer.hikari.pool.HikariPool        : HikariPool-1 - Thread starvation or clock leap detected (housekeeper delta=4m53s6ms721s400ns).
2021-09-01 16:18:53.485  INFO 14120 --- [akka-system-landesk-akka.actor.default-dispatcher-6] r.t.a.t.akka.AmountOfIncidentsActor      : 0 incidents are registered in the app
2021-09-01 16:28:53.496  INFO 14120 --- [akka-system-landesk-akka.actor.default-dispatcher-6] r.t.a.t.akka.AmountOfIncidentsActor      : 0 incidents are registered in the app
2021-09-01 16:38:53.507  INFO 14120 --- [akka-system-landesk-akka.actor.default-dispatcher-6] r.t.a.t.akka.AmountOfIncidentsActor      : 0 incidents are registered in the app
2021-09-01 16:48:53.540  INFO 14120 --- [akka-system-landesk-akka.actor.default-dispatcher-6] r.t.a.t.akka.AmountOfIncidentsActor      : 0 incidents are registered in the app
2021-09-01 16:58:53.538  INFO 14120 --- [akka-system-landesk-akka.actor.default-dispatcher-6] r.t.a.t.akka.AmountOfIncidentsActor      : 0 incidents are registered in the app
2021-09-01 17:08:53.553  INFO 14120 --- [akka-system-landesk-akka.actor.default-dispatcher-6] r.t.a.t.akka.AmountOfIncidentsActor      : 0 incidents are registered in the app
2021-09-01 17:18:53.559  INFO 14120 --- [akka-system-landesk-akka.actor.default-dispatcher-6] r.t.a.t.akka.AmountOfIncidentsActor      : 0 incidents are registered in the app
2021-09-01 17:28:53.566  INFO 14120 --- [akka-system-landesk-akka.actor.default-dispatcher-6] r.t.a.t.akka.AmountOfIncidentsActor      : 0 incidents are registered in the app
2021-09-01 17:38:53.582  INFO 14120 --- [akka-system-landesk-akka.actor.default-dispatcher-6] r.t.a.t.akka.AmountOfIncidentsActor      : 0 incidents are registered in the app
2021-09-01 17:40:54.947  INFO 14120 --- [SpringApplicationShutdownHook] j.LocalContainerEntityManagerFactoryBean : Closing JPA EntityManagerFactory for persistence unit 'default'
2021-09-01 17:40:54.957  INFO 14120 --- [SpringApplicationShutdownHook] com.zaxxer.hikari.HikariDataSource       : HikariPool-1 - Shutdown initiated...
2021-09-01 17:40:54.961  INFO 14120 --- [SpringApplicationShutdownHook] com.zaxxer.hikari.HikariDataSource       : HikariPool-1 - Shutdown completed.
